{
   "username": "Kapematt",
   "password": "uB8YYsrakl",
   "billNumber": "JANENYOKABIMWAN",
   "billAmount": "32500",
   "CustomerRefNumber": "JANENYOKABIMWAN",
   "bankreference": "20220420S3727433",
   "tranParticular": "null",
   "paymentMode": "cash",
   "transactionDate": "20-04-2022 00:00:00",
   "phonenumber": "null",
   "debitaccount": "null",
   "debitcustname": "MPS"
}{
   "username": "Kapematt",
   "password": "uB8YYsrakl",
   "billNumber": "24617623",
   "billAmount": "338221",
   "CustomerRefNumber": "24617623",
   "bankreference": "20220420S3499235",
   "tranParticular": "null",
   "paymentMode": "cash",
   "transactionDate": "20-04-2022 00:00:00",
   "phonenumber": "null",
   "debitaccount": "null",
   "debitcustname": "Chq:000126"
}