{
   "username": "Kapematt",
   "password": "uB8YYsrakl",
   "billNumber": "0927134",
   "billAmount": "31250",
   "CustomerRefNumber": "0927134",
   "bankreference": "20220613S1809171",
   "tranParticular": "null",
   "paymentMode": "cash",
   "transactionDate": "13-06-2022 00:00:00",
   "phonenumber": "null",
   "debitaccount": "null",
   "debitcustname": "Chq:000031"
}{
   "username": "Kapematt",
   "password": "uB8YYsrakl",
   "billNumber": "0927134",
   "billAmount": "31250",
   "CustomerRefNumber": "0927134",
   "bankreference": "20220613S1810211",
   "tranParticular": "null",
   "paymentMode": "cash",
   "transactionDate": "13-06-2022 00:00:00",
   "phonenumber": "null",
   "debitaccount": "null",
   "debitcustname": "Chq:000034"
}