{
   "username": "Kapematt",
   "password": "uB8YYsrakl",
   "billNumber": "0280440",
   "billAmount": "23767",
   "CustomerRefNumber": "0280440",
   "bankreference": "20220729S2138971",
   "tranParticular": "null",
   "paymentMode": "cash",
   "transactionDate": "29-07-2022 00:00:00",
   "phonenumber": "null",
   "debitaccount": "null",
   "debitcustname": "Chq:000006"
}{
   "username": "Kapematt",
   "password": "uB8YYsrakl",
   "billNumber": "12947360",
   "billAmount": "33334",
   "CustomerRefNumber": "12947360",
   "bankreference": "20220729S2137306",
   "tranParticular": "null",
   "paymentMode": "cash",
   "transactionDate": "29-07-2022 00:00:00",
   "phonenumber": "null",
   "debitaccount": "null",
   "debitcustname": "Chq:000003"
}