{
   "username": "Kapematt",
   "password": "uB8YYsrakl",
   "billNumber": "23150504",
   "billAmount": "19167",
   "CustomerRefNumber": "23150504",
   "bankreference": "20220729S2029621",
   "tranParticular": "null",
   "paymentMode": "cash",
   "transactionDate": "29-07-2022 00:00:00",
   "phonenumber": "null",
   "debitaccount": "null",
   "debitcustname": "Chq:000244"
}{
   "username": "Kapematt",
   "password": "uB8YYsrakl",
   "billNumber": "32302547",
   "billAmount": "45313",
   "CustomerRefNumber": "32302547",
   "bankreference": "20220729S2031422",
   "tranParticular": "null",
   "paymentMode": "cash",
   "transactionDate": "29-07-2022 00:00:00",
   "phonenumber": "null",
   "debitaccount": "null",
   "debitcustname": "Chq:000025"
}