{
   "username": "Kapematt",
   "password": "uB8YYsrakl",
   "billNumber": "TOLLIAN SAW MILLER",
   "billAmount": "23000",
   "CustomerRefNumber": "TOLLIAN SAW MILLER",
   "bankreference": "20220803S2482891",
   "tranParticular": "null",
   "paymentMode": "cash",
   "transactionDate": "03-08-2022 00:00:00",
   "phonenumber": "null",
   "debitaccount": "null",
   "debitcustname": "Chq:000074"
}{
   "username": "Kapematt",
   "password": "uB8YYsrakl",
   "billNumber": "5206602",
   "billAmount": "120000",
   "CustomerRefNumber": "5206602",
   "bankreference": "20220803S2480696",
   "tranParticular": "null",
   "paymentMode": "cash",
   "transactionDate": "03-08-2022 00:00:00",
   "phonenumber": "null",
   "debitaccount": "null",
   "debitcustname": "Chq:001859"
}