{
   "username": "Kapematt",
   "password": "uB8YYsrakl",
   "billNumber": "11074008",
   "billAmount": "93750",
   "CustomerRefNumber": "11074008",
   "bankreference": "20220912S618754",
   "tranParticular": "null",
   "paymentMode": "cash",
   "transactionDate": "12-09-2022 00:00:00",
   "phonenumber": "null",
   "debitaccount": "null",
   "debitcustname": "Chq:000170"
}{
   "username": "Kapematt",
   "password": "uB8YYsrakl",
   "billNumber": "1607661",
   "billAmount": "62500",
   "CustomerRefNumber": "1607661",
   "bankreference": "20220912S620319",
   "tranParticular": "null",
   "paymentMode": "cash",
   "transactionDate": "12-09-2022 00:00:00",
   "phonenumber": "null",
   "debitaccount": "null",
   "debitcustname": "Chq:000414"
}{
   "username": "Kapematt",
   "password": "uB8YYsrakl",
   "billNumber": "0729614",
   "billAmount": "38334",
   "CustomerRefNumber": "0729614",
   "bankreference": "20220912S622701",
   "tranParticular": "null",
   "paymentMode": "cash",
   "transactionDate": "12-09-2022 00:00:00",
   "phonenumber": "null",
   "debitaccount": "null",
   "debitcustname": "Chq:000081"
}