{
   "username": "Kapematt",
   "password": "uB8YYsrakl",
   "billNumber": "11389764",
   "billAmount": "75625",
   "CustomerRefNumber": "11389764",
   "bankreference": "20220901S6671775",
   "tranParticular": "null",
   "paymentMode": "cash",
   "transactionDate": "01-09-2022 00:00:00",
   "phonenumber": "null",
   "debitaccount": "null",
   "debitcustname": "Chq:000011"
}{
   "username": "Kapematt",
   "password": "uB8YYsrakl",
   "billNumber": "26065239",
   "billAmount": "52084",
   "CustomerRefNumber": "26065239",
   "bankreference": "20220901S6673408",
   "tranParticular": "null",
   "paymentMode": "cash",
   "transactionDate": "01-09-2022 00:00:00",
   "phonenumber": "null",
   "debitaccount": "null",
   "debitcustname": "Chq:000013"
}